Determining if the pthread_create exist failed with the following output:
Change Dir: /users/joachim/Desktop/tmpdir/rtx2mnc/build/CMakeFiles/CMakeTmp

Run Build Command:"/usr/bin/make" "cmTC_1aece/fast"
/usr/bin/make -f CMakeFiles/cmTC_1aece.dir/build.make CMakeFiles/cmTC_1aece.dir/build
make[1]: Entering directory '/users/joachim/Desktop/tmpdir/rtx2mnc/build/CMakeFiles/CMakeTmp'
Building C object CMakeFiles/cmTC_1aece.dir/CheckSymbolExists.c.o
/usr/bin/cc    -o CMakeFiles/cmTC_1aece.dir/CheckSymbolExists.c.o   -c /users/joachim/Desktop/tmpdir/rtx2mnc/build/CMakeFiles/CMakeTmp/CheckSymbolExists.c
Linking C executable cmTC_1aece
/usr/bin/cmake -E cmake_link_script CMakeFiles/cmTC_1aece.dir/link.txt --verbose=1
/usr/bin/cc      -rdynamic CMakeFiles/cmTC_1aece.dir/CheckSymbolExists.c.o  -o cmTC_1aece 
CMakeFiles/cmTC_1aece.dir/CheckSymbolExists.c.o: In function `main':
CheckSymbolExists.c:(.text+0x1b): undefined reference to `pthread_create'
collect2: error: ld returned 1 exit status
CMakeFiles/cmTC_1aece.dir/build.make:97: recipe for target 'cmTC_1aece' failed
make[1]: *** [cmTC_1aece] Error 1
make[1]: Leaving directory '/users/joachim/Desktop/tmpdir/rtx2mnc/build/CMakeFiles/CMakeTmp'
Makefile:126: recipe for target 'cmTC_1aece/fast' failed
make: *** [cmTC_1aece/fast] Error 2

File /users/joachim/Desktop/tmpdir/rtx2mnc/build/CMakeFiles/CMakeTmp/CheckSymbolExists.c:
/* */
#include <pthread.h>

int main(int argc, char** argv)
{
  (void)argv;
#ifndef pthread_create
  return ((int*)(&pthread_create))[argc];
#else
  (void)argc;
  return 0;
#endif
}

Determining if the function pthread_create exists in the pthreads failed with the following output:
Change Dir: /users/joachim/Desktop/tmpdir/rtx2mnc/build/CMakeFiles/CMakeTmp

Run Build Command:"/usr/bin/make" "cmTC_94d88/fast"
/usr/bin/make -f CMakeFiles/cmTC_94d88.dir/build.make CMakeFiles/cmTC_94d88.dir/build
make[1]: Entering directory '/users/joachim/Desktop/tmpdir/rtx2mnc/build/CMakeFiles/CMakeTmp'
Building C object CMakeFiles/cmTC_94d88.dir/CheckFunctionExists.c.o
/usr/bin/cc   -DCHECK_FUNCTION_EXISTS=pthread_create   -o CMakeFiles/cmTC_94d88.dir/CheckFunctionExists.c.o   -c /usr/share/cmake-3.9/Modules/CheckFunctionExists.c
Linking C executable cmTC_94d88
/usr/bin/cmake -E cmake_link_script CMakeFiles/cmTC_94d88.dir/link.txt --verbose=1
/usr/bin/cc  -DCHECK_FUNCTION_EXISTS=pthread_create    -rdynamic CMakeFiles/cmTC_94d88.dir/CheckFunctionExists.c.o  -o cmTC_94d88 -lpthreads 
/usr/bin/ld: cannot find -lpthreads
collect2: error: ld returned 1 exit status
CMakeFiles/cmTC_94d88.dir/build.make:97: recipe for target 'cmTC_94d88' failed
make[1]: *** [cmTC_94d88] Error 1
make[1]: Leaving directory '/users/joachim/Desktop/tmpdir/rtx2mnc/build/CMakeFiles/CMakeTmp'
Makefile:126: recipe for target 'cmTC_94d88/fast' failed
make: *** [cmTC_94d88/fast] Error 2


